\BOOKMARK [1][-]{section.1}{\376\377\000Z\000a\000d\000\341\000n\000\355}{}% 1
\BOOKMARK [1][-]{section.2}{\376\377\000A\000n\000a\000l\000\375\000z\000a\000\040\000\372\000l\000o\000h\000y}{}% 2
\BOOKMARK [2][-]{subsection.2.1}{\376\377\000S\000p\000e\000c\000i\000f\000i\000k\000a\000c\000e\000\040\000v\000s\000t\000u\000p\000n\000\355\000c\000h\000\040\000d\000a\000t}{section.2}% 3
\BOOKMARK [3][-]{subsubsection.2.1.1}{\376\377\000T\000a\000b\000u\000l\000k\000a\000\040\000u\000z\000l\001\157\000\040\000s\000\355\000t\001\033}{subsection.2.1}% 4
\BOOKMARK [3][-]{subsubsection.2.1.2}{\376\377\000T\000a\000b\000u\000l\000k\000a\000\040\000h\000r\000a\000n\000\040\000s\000\355\000t\001\033}{subsection.2.1}% 5
\BOOKMARK [2][-]{subsection.2.2}{\376\377\000R\000e\000p\000r\000e\000z\000e\000n\000t\000a\000c\000e\000\040\000g\000r\000a\000f\000u}{section.2}% 6
\BOOKMARK [2][-]{subsection.2.3}{\376\377\000A\000l\000g\000o\000r\000i\000t\000m\000y\000\040\000p\000r\000o\000\040\000h\000l\000e\000d\000\341\000n\000\355\000\040\000m\000a\000x\000i\000m\000\341\000l\000n\000\355\000h\000o\000\040\000t\000o\000k\000u\000\040\000v\000\040\000s\000\355\000t\000i}{section.2}% 7
\BOOKMARK [3][-]{subsubsection.2.3.1}{\376\377\000F\000o\000r\000d\000-\000F\000u\000l\000k\000e\000r\000s\000o\000n}{subsection.2.3}% 8
\BOOKMARK [3][-]{subsubsection.2.3.2}{\376\377\000E\000d\000m\000o\000n\000d\000s\000-\000K\000a\000r\000p}{subsection.2.3}% 9
\BOOKMARK [3][-]{subsubsection.2.3.3}{\376\377\001\140\000k\000\341\000l\000o\000v\000\341\000n\000\355\000\040\000k\000a\000p\000a\000c\000i\000t\000y}{subsection.2.3}% 10
\BOOKMARK [3][-]{subsubsection.2.3.4}{\376\377\000D\000i\000n\000i\000c\001\157\000v\000\040\000\050\000t\000\351\001\176\000\040\000D\000i\000n\000i\000t\000z\001\157\000v\000\051\000\040\000a\000l\000g\000o\000r\000i\000t\000m\000u\000s}{subsection.2.3}% 11
\BOOKMARK [1][-]{section.3}{\376\377\000P\000o\000p\000i\000s\000\040\000i\000m\000p\000l\000e\000m\000e\000n\000t\000a\000c\000e}{}% 12
\BOOKMARK [2][-]{subsection.3.1}{\376\377\000D\000a\000t\000o\000v\000\351\000\040\000s\000t\000r\000u\000k\000t\000u\000r\000y}{section.3}% 13
\BOOKMARK [3][-]{subsubsection.3.1.1}{\376\377\000B\000o\000d}{subsection.3.1}% 14
\BOOKMARK [3][-]{subsubsection.3.1.2}{\376\377\000H\000r\000a\000n\000a}{subsection.3.1}% 15
\BOOKMARK [3][-]{subsubsection.3.1.3}{\376\377\000F\000r\000o\000n\000t\000a}{subsection.3.1}% 16
\BOOKMARK [3][-]{subsubsection.3.1.4}{\376\377\000D\000y\000n\000a\000m\000i\000c\000k\000\351\000\040\000p\000o\000l\000e}{subsection.3.1}% 17
\BOOKMARK [3][-]{subsubsection.3.1.5}{\376\377\000T\000a\000b\000u\000l\000k\000a}{subsection.3.1}% 18
\BOOKMARK [3][-]{subsubsection.3.1.6}{\376\377\000G\000r\000a\000f}{subsection.3.1}% 19
\BOOKMARK [2][-]{subsection.3.2}{\376\377\000U\000k\000l\000\341\000d\000\341\000n\000\355\000\040\000d\000a\000t}{section.3}% 20
\BOOKMARK [2][-]{subsection.3.3}{\376\377\000V\000y\000t\000v\000o\001\131\000e\000n\000\355\000\040\000g\000r\000a\000f\000u}{section.3}% 21
\BOOKMARK [2][-]{subsection.3.4}{\376\377\000N\000a\000l\000e\000z\000e\000n\000\355\000\040\000m\000a\000x\000i\000m\000\341\000l\000n\000\355\000h\000o\000\040\000t\000o\000k\000u}{section.3}% 22
\BOOKMARK [3][-]{subsubsection.3.4.1}{\376\377\000G\000r\000a\000p\000h\000B\000f\000s}{subsection.3.4}% 23
\BOOKMARK [3][-]{subsubsection.3.4.2}{\376\377\000G\000r\000a\000p\000h\000D\000f\000s}{subsection.3.4}% 24
\BOOKMARK [1][-]{section.4}{\376\377\000U\001\176\000i\000v\000a\000t\000e\000l\000s\000k\000\341\000\040\000p\001\131\000\355\000r\000u\001\015\000k\000a}{}% 25
\BOOKMARK [2][-]{subsection.4.1}{\376\377\000S\000l\000o\001\176\000e\000n\000\355\000\040\000p\000r\000o\000g\000r\000a\000m\000u}{section.4}% 26
\BOOKMARK [2][-]{subsection.4.2}{\376\377\000P\001\131\000e\000k\000l\000a\000d\000\040\000a\000\040\000s\000p\000u\001\141\000t\001\033\000n\000\355\000\040\000p\000r\000o\000g\000r\000a\000m\000u}{section.4}% 27
\BOOKMARK [1][-]{section.5}{\376\377\000Z\000\341\000v\001\033\000r}{}% 28
\BOOKMARK [2][-]{subsection.5.1}{\376\377\000B\001\033\000h\000\040\000p\000r\000o\000g\000r\000a\000m\000u}{section.5}% 29
\BOOKMARK [2][-]{subsection.5.2}{\376\377\000P\000r\000o\000b\000l\000\351\000m\000y}{section.5}% 30
\BOOKMARK [2][-]{subsection.5.3}{\376\377\000M\000o\001\176\000n\000\341\000\040\000v\000y\000l\000e\000p\001\141\000e\000n\000\355}{section.5}% 31
\BOOKMARK [2][-]{subsection.5.4}{\376\377\000S\000h\000r\000n\000u\000t\000\355}{section.5}% 32
